<?xml version="1.0" encoding="utf-8"?><testsuites name="pytest tests"><testsuite name="pytest" errors="0" failures="0" skipped="0" tests="5" time="1.572" timestamp="2026-06-30T04:25:49.008847+00:00" hostname="agent-env-d892c7b8-a795-46d2-9c11-f3e59e96eff7"><testcase classname="tests.test_contact.TestContactEndpoint" name="test_contact_success" time="0.344" /><testcase classname="tests.test_contact.TestContactEndpoint" name="test_contact_missing_name" time="0.133" /><testcase classname="tests.test_contact.TestContactEndpoint" name="test_contact_missing_email" time="0.095" /><testcase classname="tests.test_contact.TestContactEndpoint" name="test_contact_missing_message" time="0.094" /><testcase classname="tests.test_contact.TestContactEndpoint" name="test_contact_empty_strings" time="0.104" /></testsuite></testsuites>