<?xml version="1.0" encoding="utf-8"?><testsuites name="pytest tests"><testsuite name="pytest" errors="0" failures="0" skipped="0" tests="12" time="6.801" timestamp="2026-07-06T22:22:55.395682+00:00" hostname="agent-env-d892c7b8-a795-46d2-9c11-f3e59e96eff7"><testcase classname="tests.test_health" name="test_health_internal_returns_200_ok" time="1.171" /><testcase classname="tests.test_contact.TestContactEndpoint" name="test_contact_success" time="1.210" /><testcase classname="tests.test_health" name="test_health_not_behind_api_prefix" time="0.002" /><testcase classname="tests.test_health" name="test_api_root_still_works_internal" time="0.002" /><testcase classname="tests.test_health" name="test_api_root_still_works_external" time="0.004" /><testcase classname="tests.test_chat_guardrail.TestChatGuardrail" name="test_off_topic_favorite_movie" time="1.613" /><testcase classname="tests.test_contact.TestContactEndpoint" name="test_contact_missing_name" time="0.148" /><testcase classname="tests.test_contact.TestContactEndpoint" name="test_contact_missing_email" time="0.239" /><testcase classname="tests.test_contact.TestContactEndpoint" name="test_contact_missing_message" time="0.144" /><testcase classname="tests.test_contact.TestContactEndpoint" name="test_contact_empty_strings" time="0.170" /><testcase classname="tests.test_chat_guardrail.TestChatGuardrail" name="test_off_topic_salary" time="1.064" /><testcase classname="tests.test_chat_guardrail.TestChatGuardrail" name="test_on_topic_intel_project_answers" time="2.221" /></testsuite></testsuites>