<?xml version="1.0" encoding="utf-8"?><testsuites name="pytest tests"><testsuite name="pytest" errors="0" failures="0" skipped="0" tests="8" time="6.541" timestamp="2026-07-06T21:35:25.279344+00:00" hostname="agent-env-d892c7b8-a795-46d2-9c11-f3e59e96eff7"><testcase classname="tests.test_contact.TestContactEndpoint" name="test_contact_success" time="0.335" /><testcase classname="tests.test_chat_guardrail.TestChatGuardrail" name="test_off_topic_favorite_movie" time="1.563" /><testcase classname="tests.test_contact.TestContactEndpoint" name="test_contact_missing_name" time="0.157" /><testcase classname="tests.test_contact.TestContactEndpoint" name="test_contact_missing_email" time="0.184" /><testcase classname="tests.test_contact.TestContactEndpoint" name="test_contact_missing_message" time="0.117" /><testcase classname="tests.test_contact.TestContactEndpoint" name="test_contact_empty_strings" time="0.106" /><testcase classname="tests.test_chat_guardrail.TestChatGuardrail" name="test_off_topic_salary" time="1.594" /><testcase classname="tests.test_chat_guardrail.TestChatGuardrail" name="test_on_topic_intel_project_answers" time="2.713" /></testsuite></testsuites>