<?xml version="1.0" encoding="utf-8"?><testsuites name="pytest tests"><testsuite name="pytest" errors="0" failures="2" skipped="0" tests="19" time="21.899" timestamp="2026-07-07T20:45:27.223336+00:00" hostname="agent-env-d892c7b8-a795-46d2-9c11-f3e59e96eff7"><testcase classname="tests.test_contact.TestContactEndpoint" name="test_contact_success" time="0.655"><failure message="AssertionError: contact message not persisted&#10;assert None is not None">backend/tests/test_contact.py:41: in test_contact_success
    assert doc is not None, "contact message not persisted"
E   AssertionError: contact message not persisted
E   assert None is not None</failure></testcase><testcase classname="tests.test_chat_iter7" name="test_visa_question_deflects" time="2.117" /><testcase classname="tests.test_contact.TestContactEndpoint" name="test_contact_missing_name" time="0.114" /><testcase classname="tests.test_contact.TestContactEndpoint" name="test_contact_missing_email" time="0.157" /><testcase classname="tests.test_contact.TestContactEndpoint" name="test_contact_missing_message" time="0.107" /><testcase classname="tests.test_contact.TestContactEndpoint" name="test_contact_empty_strings" time="0.104" /><testcase classname="tests.test_health" name="test_health_internal_returns_200_ok" time="0.002" /><testcase classname="tests.test_health" name="test_health_not_behind_api_prefix" time="0.002" /><testcase classname="tests.test_health" name="test_api_root_still_works_internal" time="0.002" /><testcase classname="tests.test_health" name="test_api_root_still_works_external" time="0.004" /><testcase classname="tests.test_chat_guardrail.TestChatGuardrail" name="test_off_topic_favorite_movie" time="1.573" /><testcase classname="tests.test_chat_iter7" name="test_gpa_question_deflects" time="1.598" /><testcase classname="tests.test_chat_guardrail.TestChatGuardrail" name="test_off_topic_salary" time="1.603" /><testcase classname="tests.test_chat_iter7" name="test_kelley_switch_story" time="3.408" /><testcase classname="tests.test_chat_guardrail.TestChatGuardrail" name="test_on_topic_intel_project_answers" time="3.219" /><testcase classname="tests.test_chat_iter7" name="test_move_to_us_year" time="2.202" /><testcase classname="tests.test_chat_stream.TestChatStream" name="test_chat_stream_hire_question" time="3.849" /><testcase classname="tests.test_chat_stream.TestChatStream" name="test_chat_stream_followup_uses_session_id" time="5.268" /><testcase classname="tests.test_chat_stream.TestChatStream" name="test_chat_messages_persisted" time="3.964"><failure message="AssertionError: User message not persisted. Found roles: []&#10;assert 'user' in []">backend/tests/test_chat_stream.py:113: in test_chat_messages_persisted
    assert "user" in roles, f"User message not persisted. Found roles: {roles}"
E   AssertionError: User message not persisted. Found roles: []
E   assert 'user' in []</failure></testcase></testsuite></testsuites>