<?xml version="1.0" encoding="utf-8"?><testsuites name="pytest tests"><testsuite name="pytest" errors="0" failures="0" skipped="0" tests="5" time="1.400" timestamp="2026-06-30T04:40:49.195425+00:00" hostname="agent-env-d892c7b8-a795-46d2-9c11-f3e59e96eff7"><testcase classname="tests.test_contact.TestContactEndpoint" name="test_contact_success" time="0.147" /><testcase classname="tests.test_contact.TestContactEndpoint" name="test_contact_missing_name" time="0.101" /><testcase classname="tests.test_contact.TestContactEndpoint" name="test_contact_missing_email" time="0.115" /><testcase classname="tests.test_contact.TestContactEndpoint" name="test_contact_missing_message" time="0.136" /><testcase classname="tests.test_contact.TestContactEndpoint" name="test_contact_empty_strings" time="0.099" /></testsuite></testsuites>