<?xml version="1.0" encoding="utf-8"?><testsuites name="pytest tests"><testsuite name="pytest" errors="0" failures="0" skipped="0" tests="3" time="14.040" timestamp="2026-06-30T04:40:55.068417+00:00" hostname="agent-env-d892c7b8-a795-46d2-9c11-f3e59e96eff7"><testcase classname="tests.test_chat_stream.TestChatStream" name="test_chat_stream_hire_question" time="5.335" /><testcase classname="tests.test_chat_stream.TestChatStream" name="test_chat_stream_followup_uses_session_id" time="4.968" /><testcase classname="tests.test_chat_stream.TestChatStream" name="test_chat_messages_persisted" time="2.548" /></testsuite></testsuites>